POST /prebid/v1 HTTP/1.1
Origin: http://www.comunio.es
Referer: http://www.comunio.es/login.phtml
User-Agent: Mozilla/5.0 (Windows NT 10.0; Win64; x64) AppleWebKit/537.36 (KHTML, like Gecko) Chrome/64.0.3282.140 Safari/537.36 Edge/17.17134
Content-Type: text/plain
Accept: */*
Accept-Language: es-ES,es;q=0.8,en-US;q=0.5,en;q=0.3
Accept-Encoding: gzip, deflate
Host: prg.smartadserver.com
Content-Length: 314
Connection: Keep-Alive
Cache-Control: no-cache
Cookie: vs=243888=8395946; TestIfCookie=ok; TestIfCookieP=ok; pbw=%24b%3d17170%3b%24o%3d11100; sasd2=q=%24qc%3d1307444706%3b%24ql%3dHigh%3b%24qpc%3d20009%3b%24qpp%3d%3b%24qt%3d228_4086_114026t%3b%24dma%3d0&c=1&l=1226322723&lo=-1993271919&lt=636807327910337527&o=1; sasd=%24qc%3d1307444706%3b%24ql%3dHigh%3b%24qpc%3d20009%3b%24qpp%3d%3b%24qt%3d228_4086_114026t%3b%24dma%3d0; x-smrt-d=6%3b22%3b51

{"siteid":"243888","pageid":"951442","formatid":"62361","bidfloor":0,"ckid":0,"tagId":"snhb-medium_rectangle-0","sizes":[{"w":300,"h":250}],"pageDomain":"http://www.comunio.es/login.phtml","transactionId":"2cc678be-e27c-4fd5-a23b-84a690f43d6a","timeout":1500,"bidId":"389c76ddac67bdc","prebidVersion":"1.15.0-pre"}HTTP/1.1 200 OK
Cache-Control: no-cache, no-store
Pragma: no-cache
Content-Type: application/json
Expires: -1
P3P: CP="BUS CUR CONo FIN IVDo ONL OUR PHY SAMo TELo"
X-SMRT-D: 6%3b0%3b92
Access-Control-Allow-Credentials: true
Access-Control-Allow-Origin: http://www.comunio.es
Set-Cookie: vs=243888=8395951; domain=smartadserver.com; path=/
Set-Cookie: TestIfCookie=ok; domain=smartadserver.com; path=/
Set-Cookie: TestIfCookieP=ok; domain=smartadserver.com; expires=Sat, 18-Jan-2020 11:31:23 GMT; path=/
Set-Cookie: pbw=%24b%3d17170%3b%24o%3d11100; domain=smartadserver.com; expires=Sat, 18-Jan-2020 11:31:23 GMT; path=/
Set-Cookie: pid=1194654099903473152; domain=smartadserver.com; expires=Sat, 18-Jan-2020 11:31:23 GMT; path=/
Set-Cookie: pdomid=0; domain=smartadserver.com; expires=Sat, 18-Jan-2020 11:31:23 GMT; path=/
Set-Cookie: sasd2=q=%24qc%3d1307444706%3b%24ql%3dHigh%3b%24qpc%3d20009%3b%24qpp%3d%3b%24qt%3d228_4086_114026t%3b%24dma%3d0&c=1&l=1226322723&lo=-1993271919&lt=636807330833351739&o=1; domain=smartadserver.com; expires=Wed, 19-Dec-2018 11:31:23 GMT; path=/
Set-Cookie: sasd=%24qc%3d1307444706%3b%24ql%3dHigh%3b%24qpc%3d20009%3b%24qpp%3d%3b%24qt%3d228_4086_114026t%3b%24dma%3d0; domain=smartadserver.com; expires=Wed, 19-Dec-2018 11:31:23 GMT; path=/
Set-Cookie: x-smrt-d=6%3b0%3b92; path=/
Date: Tue, 18 Dec 2018 11:31:22 GMT
Content-Length: 0

