POST /prebid/v1 HTTP/1.1
Origin: http://www.comunio.es
Referer: http://www.comunio.es/login.phtml
User-Agent: Mozilla/5.0 (Windows NT 10.0; Win64; x64) AppleWebKit/537.36 (KHTML, like Gecko) Chrome/64.0.3282.140 Safari/537.36 Edge/17.17134
Content-Type: text/plain
Accept: */*
Accept-Language: es-ES,es;q=0.8,en-US;q=0.5,en;q=0.3
Accept-Encoding: gzip, deflate
Host: prg.smartadserver.com
Content-Length: 331
Connection: Keep-Alive
Cache-Control: no-cache
Cookie: vs=243888=8395946; TestIfCookie=ok; TestIfCookieP=ok; pbw=%24b%3d17170%3b%24o%3d11100; sasd2=q=%24qc%3d1307444706%3b%24ql%3dHigh%3b%24qpc%3d20009%3b%24qpp%3d%3b%24qt%3d228_4086_114026t%3b%24dma%3d0&c=1&l=1226322723&lo=-1993271919&lt=636807327910337527&o=1; sasd=%24qc%3d1307444706%3b%24ql%3dHigh%3b%24qpc%3d20009%3b%24qpp%3d%3b%24qt%3d228_4086_114026t%3b%24dma%3d0; x-smrt-d=6%3b22%3b51

{"siteid":"243888","pageid":"951441","formatid":"62362","bidfloor":0,"ckid":0,"tagId":"snhb-left_skyscraper-0","sizes":[{"w":120,"h":600},{"w":160,"h":600}],"pageDomain":"http://www.comunio.es/login.phtml","transactionId":"2f6c5571-7b3b-4078-8425-15e7d04c8beb","timeout":1500,"bidId":"36c0b7e9e2660ea","prebidVersion":"1.15.0-pre"}HTTP/1.1 200 OK
Cache-Control: no-cache, no-store
Pragma: no-cache
Content-Type: application/json
Expires: -1
P3P: CP="BUS CUR CONo FIN IVDo ONL OUR PHY SAMo TELo"
X-SMRT-D: 6%3b14%3b81
Access-Control-Allow-Credentials: true
Access-Control-Allow-Origin: http://www.comunio.es
Set-Cookie: vs=243888=8395951; domain=smartadserver.com; path=/
Set-Cookie: TestIfCookie=ok; domain=smartadserver.com; path=/
Set-Cookie: TestIfCookieP=ok; domain=smartadserver.com; expires=Sat, 18-Jan-2020 11:31:23 GMT; path=/
Set-Cookie: pbw=%24b%3d17170%3b%24o%3d11100; domain=smartadserver.com; expires=Sat, 18-Jan-2020 11:31:23 GMT; path=/
Set-Cookie: pid=2042810222744299022; domain=smartadserver.com; expires=Sat, 18-Jan-2020 11:31:23 GMT; path=/
Set-Cookie: pdomid=14; domain=smartadserver.com; expires=Sat, 18-Jan-2020 11:31:23 GMT; path=/
Set-Cookie: sasd2=q=%24qc%3d1307444706%3b%24ql%3dHigh%3b%24qpc%3d20009%3b%24qpp%3d%3b%24qt%3d228_4086_114026t%3b%24dma%3d0&c=1&l=1226322723&lo=-1993271919&lt=636807330833189540&o=1; domain=smartadserver.com; expires=Wed, 19-Dec-2018 11:31:23 GMT; path=/
Set-Cookie: sasd=%24qc%3d1307444706%3b%24ql%3dHigh%3b%24qpc%3d20009%3b%24qpp%3d%3b%24qt%3d228_4086_114026t%3b%24dma%3d0; domain=smartadserver.com; expires=Wed, 19-Dec-2018 11:31:23 GMT; path=/
Set-Cookie: x-smrt-d=6%3b14%3b81; path=/
Date: Tue, 18 Dec 2018 11:31:23 GMT
Content-Length: 0

