GET /cm?redir=https%3A%2F%2Fmatch.justpremium.com%2Fmatch%2Fp161%3Fex_uid%3D%24%7BUUID%7D HTTP/1.1
Referer: http://pre.ads.justpremium.com/v/1.0/t/sync
Accept: image/png,image/svg+xml,image/*;q=0.8,*/*;q=0.5
Accept-Language: es-ES,es;q=0.8,en-US;q=0.5,en;q=0.3
Accept-Encoding: gzip, deflate
User-Agent: Mozilla/5.0 (Windows NT 10.0; Win64; x64) AppleWebKit/537.36 (KHTML, like Gecko) Chrome/64.0.3282.140 Safari/537.36 Edge/17.17134
Host: ads.creative-serving.com
Connection: Keep-Alive
Cookie: tuuid=da694793-a608-421f-bc96-436f42b99691; tuuid_lu=1545132395

HTTP/1.1 302 Moved Temporarily
Cache-Control: no-cache, no-store, must-revalidate
Content-Length: 0
Date: Tue, 18 Dec 2018 11:31:27 GMT
Location: https://match.justpremium.com/match/p161?ex_uid=da694793-a608-421f-bc96-436f42b99691
P3P: CP="NOI DSP COR NID CURa ADMa DEVa PSAa PSDa OUR BUS COM INT OTC PUR STA"
Set-Cookie: tuuid=; path=/; expires=Mon, 01-Mar-2004 00:00:00 GMT; domain=ads.creative-serving.com
Set-Cookie: tuuid=; path=/; expires=Mon, 01-Mar-2004 00:00:00 GMT
Set-Cookie: tuuid=da694793-a608-421f-bc96-436f42b99691; path=/; expires=Sun, 12-Jan-2020 11:31:27 GMT; domain=.creative-serving.com

GET /id_match_o?publisher_user_id=a3880118-03de-4c7b-9dee-ab25b1e045b9&publisher_dsp_id=79&publisher_call_type=redirect&gdpr=1&gdpr_consent=BOWJjG9OWPQWYCLAAAENBy-AAAAiDAAA&publisher_redirecturl=http://ad.360yield.com/match HTTP/1.1
Accept: image/png,image/svg+xml,image/*;q=0.8,*/*;q=0.5
Accept-Language: es-ES,es;q=0.8,en-US;q=0.5,en;q=0.3
Accept-Encoding: gzip, deflate
User-Agent: Mozilla/5.0 (Windows NT 10.0; Win64; x64) AppleWebKit/537.36 (KHTML, like Gecko) Chrome/64.0.3282.140 Safari/537.36 Edge/17.17134
Host: ads.creative-serving.com
Connection: Keep-Alive
Cookie: tuuid=da694793-a608-421f-bc96-436f42b99691; tuuid_lu=1545132395

HTTP/1.1 302 Moved Temporarily
Cache-Control: no-cache, no-store, must-revalidate
Content-Length: 0
Date: Tue, 18 Dec 2018 11:31:34 GMT
Location: http://ad.360yield.com/match?publisher_dsp_id=79&external_user_id=da694793-a608-421f-bc96-436f42b99691
P3P: CP="NOI DSP COR NID CURa ADMa DEVa PSAa PSDa OUR BUS COM INT OTC PUR STA"
Set-Cookie: tuuid=; path=/; expires=Mon, 01-Mar-2004 00:00:00 GMT; domain=ads.creative-serving.com
Set-Cookie: tuuid=; path=/; expires=Mon, 01-Mar-2004 00:00:00 GMT
Set-Cookie: tuuid=da694793-a608-421f-bc96-436f42b99691; path=/; expires=Sun, 12-Jan-2020 11:31:34 GMT; domain=.creative-serving.com

