GET /partner?source=dados HTTP/1.1
Referer: http://www.comunio.es/login.phtml
User-Agent: Mozilla/5.0 (Windows NT 10.0; Win64; x64) AppleWebKit/537.36 (KHTML, like Gecko) Chrome/64.0.3282.140 Safari/537.36 Edge/17.17134
Accept: image/png,image/svg+xml,image/*;q=0.8,*/*;q=0.5
Accept-Language: es-ES,es;q=0.8,en-US;q=0.5,en;q=0.3
Accept-Encoding: gzip, deflate
Host: sync.search.spotxchange.com
Connection: Keep-Alive
Cookie: audience=708bf6d5-02b5-11e9-8692-17f3d7a11306; user-0=dXNlcl9ndWlkCWM4ZGM3ZWY3MDJiNzExZTliZTg5MTk3NGU1Y2ZGRkZGCWNvb2tpZV9kb21haW4JKi5zZWFyY2guc3BvdHhjaGFuZ2UuY29tCWNyZWF0ZWRfZGF0ZQkxNTQ1MTMyMzk4CW1vZGlmaWVkX2RhdGUJMTU0NTEzMjM5OAlhdWRpZW5jZV9pZAk3MDhiZjZkNS0wMmI1LTExZTktODY5Mi0xN2YzZDdhMTEzMDYK

HTTP/1.1 204
Server: nginx
Date: Tue, 18 Dec 2018 11:31:27 GMT
Content-Length: 0
Connection: keep-alive
Set-Cookie: audience=708bf6d5-02b5-11e9-8692-17f3d7a11306; expires=Tue, 01-Jan-2019 11:31:27 GMT; path=/; domain=.spotxchange.com
x-spotx-halt-type: Audience Dsp sync Priority Sync endpoint Source ID is not on enabled source whitelist
X-fe: 43
Access-Control-Allow-Methods: GET, POST, OPTIONS
Access-Control-Allow-Origin: *
Access-Control-Allow-Credentials: false
Cache-Control: no-store, no-cache, must-revalidate, proxy-revalidate, max-age=0

GET /partner?source=dados HTTP/1.1
Referer: http://www.comunio.es/login.phtml
User-Agent: Mozilla/5.0 (Windows NT 10.0; Win64; x64) AppleWebKit/537.36 (KHTML, like Gecko) Chrome/64.0.3282.140 Safari/537.36 Edge/17.17134
Accept: image/png,image/svg+xml,image/*;q=0.8,*/*;q=0.5
Accept-Language: es-ES,es;q=0.8,en-US;q=0.5,en;q=0.3
Accept-Encoding: gzip, deflate
Host: sync.search.spotxchange.com
Connection: Keep-Alive
Cookie: audience=708bf6d5-02b5-11e9-8692-17f3d7a11306; user-0=dXNlcl9ndWlkCWM4ZGM3ZWY3MDJiNzExZTliZTg5MTk3NGU1Y2ZGRkZGCWNvb2tpZV9kb21haW4JKi5zZWFyY2guc3BvdHhjaGFuZ2UuY29tCWNyZWF0ZWRfZGF0ZQkxNTQ1MTMyMzk4CW1vZGlmaWVkX2RhdGUJMTU0NTEzMjY4NwlhdWRpZW5jZV9pZAk3MDhiZjZkNS0wMmI1LTExZTktODY5Mi0xN2YzZDdhMTEzMDYK

HTTP/1.1 204
Server: nginx
Date: Tue, 18 Dec 2018 11:31:33 GMT
Content-Length: 0
Connection: keep-alive
Set-Cookie: audience=708bf6d5-02b5-11e9-8692-17f3d7a11306; expires=Tue, 01-Jan-2019 11:31:33 GMT; path=/; domain=.spotxchange.com
x-spotx-halt-type: Audience Dsp sync Priority Sync endpoint Source ID is not on enabled source whitelist
X-fe: 139
Access-Control-Allow-Methods: GET, POST, OPTIONS
Access-Control-Allow-Origin: *
Access-Control-Allow-Credentials: false
Cache-Control: no-store, no-cache, must-revalidate, proxy-revalidate, max-age=0

