GET /success.txt HTTP/1.1
Host: detectportal.firefox.com
User-Agent: Mozilla/5.0 (Windows NT 10.0; Win64; x64; rv:64.0) Gecko/20100101 Firefox/64.0
Accept: */*
Accept-Language: es-ES,es;q=0.8,en-US;q=0.5,en;q=0.3
Accept-Encoding: gzip, deflate
Cache-Control: no-cache
Pragma: no-cache
Connection: keep-alive

HTTP/1.1 200 OK
Content-Type: text/plain
Content-Length: 8
Last-Modified: Mon, 15 May 2017 18:04:40 GMT
ETag: "ae780585f49b94ce1444eb7d28906123"
Accept-Ranges: bytes
Server: AmazonS3
X-Amz-Cf-Id: fojlHfqbOnOqcbZtY6U0uPEBHagRo22fc5dLeQE_CCLk9BdWuqBcSw==
Cache-Control: no-cache, no-store, must-revalidate
Date: Mon, 17 Dec 2018 17:41:28 GMT
Connection: keep-alive

success
GET /success.txt HTTP/1.1
Host: detectportal.firefox.com
User-Agent: Mozilla/5.0 (Windows NT 10.0; Win64; x64; rv:64.0) Gecko/20100101 Firefox/64.0
Accept: */*
Accept-Language: es-ES,es;q=0.8,en-US;q=0.5,en;q=0.3
Accept-Encoding: gzip, deflate
Cache-Control: no-cache
Pragma: no-cache
Connection: keep-alive

HTTP/1.1 200 OK
Content-Type: text/plain
Content-Length: 8
Last-Modified: Mon, 15 May 2017 18:04:40 GMT
ETag: "ae780585f49b94ce1444eb7d28906123"
Accept-Ranges: bytes
Server: AmazonS3
X-Amz-Cf-Id: fojlHfqbOnOqcbZtY6U0uPEBHagRo22fc5dLeQE_CCLk9BdWuqBcSw==
Cache-Control: no-cache, no-store, must-revalidate
Date: Mon, 17 Dec 2018 17:41:28 GMT
Connection: keep-alive

success
GET /success.txt HTTP/1.1
Host: detectportal.firefox.com
User-Agent: Mozilla/5.0 (Windows NT 10.0; Win64; x64; rv:64.0) Gecko/20100101 Firefox/64.0
Accept: */*
Accept-Language: es-ES,es;q=0.8,en-US;q=0.5,en;q=0.3
Accept-Encoding: gzip, deflate
Cache-Control: no-cache
Pragma: no-cache
Connection: keep-alive

HTTP/1.1 200 OK
Content-Type: text/plain
Content-Length: 8
Last-Modified: Mon, 15 May 2017 18:04:40 GMT
ETag: "ae780585f49b94ce1444eb7d28906123"
Accept-Ranges: bytes
Server: AmazonS3
X-Amz-Cf-Id: fojlHfqbOnOqcbZtY6U0uPEBHagRo22fc5dLeQE_CCLk9BdWuqBcSw==
Cache-Control: no-cache, no-store, must-revalidate
Date: Mon, 17 Dec 2018 17:41:29 GMT
Connection: keep-alive

success
GET /success.txt HTTP/1.1
Host: detectportal.firefox.com
User-Agent: Mozilla/5.0 (Windows NT 10.0; Win64; x64; rv:64.0) Gecko/20100101 Firefox/64.0
Accept: */*
Accept-Language: es-ES,es;q=0.8,en-US;q=0.5,en;q=0.3
Accept-Encoding: gzip, deflate
Cache-Control: no-cache
Pragma: no-cache
Connection: keep-alive

HTTP/1.1 200 OK
Content-Type: text/plain
Content-Length: 8
Last-Modified: Mon, 15 May 2017 18:04:40 GMT
ETag: "ae780585f49b94ce1444eb7d28906123"
Accept-Ranges: bytes
Server: AmazonS3
X-Amz-Cf-Id: fojlHfqbOnOqcbZtY6U0uPEBHagRo22fc5dLeQE_CCLk9BdWuqBcSw==
Cache-Control: no-cache, no-store, must-revalidate
Date: Mon, 17 Dec 2018 17:41:29 GMT
Connection: keep-alive

success
GET /success.txt HTTP/1.1
Host: detectportal.firefox.com
User-Agent: Mozilla/5.0 (Windows NT 10.0; Win64; x64; rv:64.0) Gecko/20100101 Firefox/64.0
Accept: */*
Accept-Language: es-ES,es;q=0.8,en-US;q=0.5,en;q=0.3
Accept-Encoding: gzip, deflate
Cache-Control: no-cache
Pragma: no-cache
Connection: keep-alive

HTTP/1.1 200 OK
Content-Type: text/plain
Content-Length: 8
Last-Modified: Mon, 15 May 2017 18:04:40 GMT
ETag: "ae780585f49b94ce1444eb7d28906123"
Accept-Ranges: bytes
Server: AmazonS3
X-Amz-Cf-Id: fojlHfqbOnOqcbZtY6U0uPEBHagRo22fc5dLeQE_CCLk9BdWuqBcSw==
Cache-Control: no-cache, no-store, must-revalidate
Date: Mon, 17 Dec 2018 17:41:29 GMT
Connection: keep-alive

success
GET /success.txt HTTP/1.1
Host: detectportal.firefox.com
User-Agent: Mozilla/5.0 (Windows NT 10.0; Win64; x64; rv:64.0) Gecko/20100101 Firefox/64.0
Accept: */*
Accept-Language: es-ES,es;q=0.8,en-US;q=0.5,en;q=0.3
Accept-Encoding: gzip, deflate
Cache-Control: no-cache
Pragma: no-cache
Connection: keep-alive

HTTP/1.1 200 OK
Content-Type: text/plain
Content-Length: 8
Last-Modified: Mon, 15 May 2017 18:04:40 GMT
ETag: "ae780585f49b94ce1444eb7d28906123"
Accept-Ranges: bytes
Server: AmazonS3
X-Amz-Cf-Id: fojlHfqbOnOqcbZtY6U0uPEBHagRo22fc5dLeQE_CCLk9BdWuqBcSw==
Cache-Control: no-cache, no-store, must-revalidate
Date: Mon, 17 Dec 2018 17:41:31 GMT
Connection: keep-alive

success
GET /success.txt HTTP/1.1
Host: detectportal.firefox.com
User-Agent: Mozilla/5.0 (Windows NT 10.0; Win64; x64; rv:64.0) Gecko/20100101 Firefox/64.0
Accept: */*
Accept-Language: es-ES,es;q=0.8,en-US;q=0.5,en;q=0.3
Accept-Encoding: gzip, deflate
Cache-Control: no-cache
Pragma: no-cache
Connection: keep-alive

HTTP/1.1 200 OK
Content-Type: text/plain
Content-Length: 8
Last-Modified: Mon, 15 May 2017 18:04:40 GMT
ETag: "ae780585f49b94ce1444eb7d28906123"
Accept-Ranges: bytes
Server: AmazonS3
X-Amz-Cf-Id: fojlHfqbOnOqcbZtY6U0uPEBHagRo22fc5dLeQE_CCLk9BdWuqBcSw==
Cache-Control: no-cache, no-store, must-revalidate
Date: Mon, 17 Dec 2018 17:41:34 GMT
Connection: keep-alive

success
GET /success.txt HTTP/1.1
Host: detectportal.firefox.com
User-Agent: Mozilla/5.0 (Windows NT 10.0; Win64; x64; rv:64.0) Gecko/20100101 Firefox/64.0
Accept: */*
Accept-Language: es-ES,es;q=0.8,en-US;q=0.5,en;q=0.3
Accept-Encoding: gzip, deflate
Cache-Control: no-cache
Pragma: no-cache
Connection: keep-alive

HTTP/1.1 200 OK
Content-Type: text/plain
Content-Length: 8
Last-Modified: Mon, 15 May 2017 18:04:40 GMT
ETag: "ae780585f49b94ce1444eb7d28906123"
Accept-Ranges: bytes
Server: AmazonS3
X-Amz-Cf-Id: fojlHfqbOnOqcbZtY6U0uPEBHagRo22fc5dLeQE_CCLk9BdWuqBcSw==
Cache-Control: no-cache, no-store, must-revalidate
Date: Mon, 17 Dec 2018 17:41:49 GMT
Connection: keep-alive

success
GET /success.txt HTTP/1.1
Host: detectportal.firefox.com
User-Agent: Mozilla/5.0 (Windows NT 10.0; Win64; x64; rv:64.0) Gecko/20100101 Firefox/64.0
Accept: */*
Accept-Language: es-ES,es;q=0.8,en-US;q=0.5,en;q=0.3
Accept-Encoding: gzip, deflate
Cache-Control: no-cache
Pragma: no-cache
Connection: keep-alive

HTTP/1.1 200 OK
Content-Type: text/plain
Content-Length: 8
Last-Modified: Mon, 15 May 2017 18:04:40 GMT
ETag: "ae780585f49b94ce1444eb7d28906123"
Accept-Ranges: bytes
Server: AmazonS3
X-Amz-Cf-Id: fojlHfqbOnOqcbZtY6U0uPEBHagRo22fc5dLeQE_CCLk9BdWuqBcSw==
Cache-Control: no-cache, no-store, must-revalidate
Date: Mon, 17 Dec 2018 17:41:50 GMT
Connection: keep-alive

success
GET /success.txt HTTP/1.1
Host: detectportal.firefox.com
User-Agent: Mozilla/5.0 (Windows NT 10.0; Win64; x64; rv:64.0) Gecko/20100101 Firefox/64.0
Accept: */*
Accept-Language: es-ES,es;q=0.8,en-US;q=0.5,en;q=0.3
Accept-Encoding: gzip, deflate
Cache-Control: no-cache
Pragma: no-cache
Connection: keep-alive

HTTP/1.1 200 OK
Content-Type: text/plain
Content-Length: 8
Last-Modified: Mon, 15 May 2017 18:04:40 GMT
ETag: "ae780585f49b94ce1444eb7d28906123"
Accept-Ranges: bytes
Server: AmazonS3
X-Amz-Cf-Id: fojlHfqbOnOqcbZtY6U0uPEBHagRo22fc5dLeQE_CCLk9BdWuqBcSw==
Cache-Control: no-cache, no-store, must-revalidate
Date: Mon, 17 Dec 2018 17:41:52 GMT
Connection: keep-alive

success
GET /success.txt HTTP/1.1
Host: detectportal.firefox.com
User-Agent: Mozilla/5.0 (Windows NT 10.0; Win64; x64; rv:64.0) Gecko/20100101 Firefox/64.0
Accept: */*
Accept-Language: es-ES,es;q=0.8,en-US;q=0.5,en;q=0.3
Accept-Encoding: gzip, deflate
Cache-Control: no-cache
Pragma: no-cache
Connection: keep-alive

HTTP/1.1 200 OK
Content-Type: text/plain
Content-Length: 8
Last-Modified: Mon, 15 May 2017 18:04:40 GMT
ETag: "ae780585f49b94ce1444eb7d28906123"
Accept-Ranges: bytes
Server: AmazonS3
X-Amz-Cf-Id: fojlHfqbOnOqcbZtY6U0uPEBHagRo22fc5dLeQE_CCLk9BdWuqBcSw==
Cache-Control: no-cache, no-store, must-revalidate
Date: Mon, 17 Dec 2018 17:41:53 GMT
Connection: keep-alive

success
GET /success.txt HTTP/1.1
Host: detectportal.firefox.com
User-Agent: Mozilla/5.0 (Windows NT 10.0; Win64; x64; rv:64.0) Gecko/20100101 Firefox/64.0
Accept: */*
Accept-Language: es-ES,es;q=0.8,en-US;q=0.5,en;q=0.3
Accept-Encoding: gzip, deflate
Cache-Control: no-cache
Pragma: no-cache
Connection: keep-alive

HTTP/1.1 200 OK
Content-Type: text/plain
Content-Length: 8
Last-Modified: Mon, 15 May 2017 18:04:40 GMT
ETag: "ae780585f49b94ce1444eb7d28906123"
Accept-Ranges: bytes
Server: AmazonS3
X-Amz-Cf-Id: fojlHfqbOnOqcbZtY6U0uPEBHagRo22fc5dLeQE_CCLk9BdWuqBcSw==
Cache-Control: no-cache, no-store, must-revalidate
Date: Mon, 17 Dec 2018 17:41:54 GMT
Connection: keep-alive

success
GET /success.txt HTTP/1.1
Host: detectportal.firefox.com
User-Agent: Mozilla/5.0 (Windows NT 10.0; Win64; x64; rv:64.0) Gecko/20100101 Firefox/64.0
Accept: */*
Accept-Language: es-ES,es;q=0.8,en-US;q=0.5,en;q=0.3
Accept-Encoding: gzip, deflate
Cache-Control: no-cache
Pragma: no-cache
Connection: keep-alive

HTTP/1.1 200 OK
Content-Type: text/plain
Content-Length: 8
Last-Modified: Mon, 15 May 2017 18:04:40 GMT
ETag: "ae780585f49b94ce1444eb7d28906123"
Accept-Ranges: bytes
Server: AmazonS3
X-Amz-Cf-Id: fojlHfqbOnOqcbZtY6U0uPEBHagRo22fc5dLeQE_CCLk9BdWuqBcSw==
Cache-Control: no-cache, no-store, must-revalidate
Date: Mon, 17 Dec 2018 17:41:54 GMT
Connection: keep-alive

success
GET /success.txt HTTP/1.1
Host: detectportal.firefox.com
User-Agent: Mozilla/5.0 (Windows NT 10.0; Win64; x64; rv:64.0) Gecko/20100101 Firefox/64.0
Accept: */*
Accept-Language: es-ES,es;q=0.8,en-US;q=0.5,en;q=0.3
Accept-Encoding: gzip, deflate
Cache-Control: no-cache
Pragma: no-cache
Connection: keep-alive

HTTP/1.1 200 OK
Content-Type: text/plain
Content-Length: 8
Last-Modified: Mon, 15 May 2017 18:04:40 GMT
ETag: "ae780585f49b94ce1444eb7d28906123"
Accept-Ranges: bytes
Server: AmazonS3
X-Amz-Cf-Id: fojlHfqbOnOqcbZtY6U0uPEBHagRo22fc5dLeQE_CCLk9BdWuqBcSw==
Cache-Control: no-cache, no-store, must-revalidate
Date: Mon, 17 Dec 2018 17:41:58 GMT
Connection: keep-alive

success
GET /success.txt HTTP/1.1
Host: detectportal.firefox.com
User-Agent: Mozilla/5.0 (Windows NT 10.0; Win64; x64; rv:64.0) Gecko/20100101 Firefox/64.0
Accept: */*
Accept-Language: es-ES,es;q=0.8,en-US;q=0.5,en;q=0.3
Accept-Encoding: gzip, deflate
Cache-Control: no-cache
Pragma: no-cache
Connection: keep-alive

HTTP/1.1 200 OK
Content-Type: text/plain
Content-Length: 8
Last-Modified: Mon, 15 May 2017 18:04:40 GMT
ETag: "ae780585f49b94ce1444eb7d28906123"
Accept-Ranges: bytes
Server: AmazonS3
X-Amz-Cf-Id: fojlHfqbOnOqcbZtY6U0uPEBHagRo22fc5dLeQE_CCLk9BdWuqBcSw==
Cache-Control: no-cache, no-store, must-revalidate
Date: Mon, 17 Dec 2018 17:41:58 GMT
Connection: keep-alive

success
GET /success.txt HTTP/1.1
Host: detectportal.firefox.com
User-Agent: Mozilla/5.0 (Windows NT 10.0; Win64; x64; rv:64.0) Gecko/20100101 Firefox/64.0
Accept: */*
Accept-Language: es-ES,es;q=0.8,en-US;q=0.5,en;q=0.3
Accept-Encoding: gzip, deflate
Cache-Control: no-cache
Pragma: no-cache
Connection: keep-alive

HTTP/1.1 200 OK
Content-Type: text/plain
Content-Length: 8
Last-Modified: Mon, 15 May 2017 18:04:40 GMT
ETag: "ae780585f49b94ce1444eb7d28906123"
Accept-Ranges: bytes
Server: AmazonS3
X-Amz-Cf-Id: fojlHfqbOnOqcbZtY6U0uPEBHagRo22fc5dLeQE_CCLk9BdWuqBcSw==
Cache-Control: no-cache, no-store, must-revalidate
Date: Mon, 17 Dec 2018 17:41:58 GMT
Connection: keep-alive

success
GET /success.txt HTTP/1.1
Host: detectportal.firefox.com
User-Agent: Mozilla/5.0 (Windows NT 10.0; Win64; x64; rv:64.0) Gecko/20100101 Firefox/64.0
Accept: */*
Accept-Language: es-ES,es;q=0.8,en-US;q=0.5,en;q=0.3
Accept-Encoding: gzip, deflate
Cache-Control: no-cache
Pragma: no-cache
Connection: keep-alive

HTTP/1.1 200 OK
Content-Type: text/plain
Content-Length: 8
Last-Modified: Mon, 15 May 2017 18:04:40 GMT
ETag: "ae780585f49b94ce1444eb7d28906123"
Accept-Ranges: bytes
Server: AmazonS3
X-Amz-Cf-Id: fojlHfqbOnOqcbZtY6U0uPEBHagRo22fc5dLeQE_CCLk9BdWuqBcSw==
Cache-Control: no-cache, no-store, must-revalidate
Date: Mon, 17 Dec 2018 17:41:58 GMT
Connection: keep-alive

success
